<?xml version="1.0" encoding="UTF-8"?>
<!-- Generated by org.testng.reporters.JUnitXMLReporter -->
<testsuite ignored="0" hostname="LAPTOP-1F4V8IEA" failures="0" tests="15" name="Flipkart Tests - Chrome" time="214.732" errors="0" timestamp="2025-09-04T12:36:32 IST">
  <testcase classname="tests.LoginTest" name="invalidPhoneShouldFail" time="12.308"/>
  <testcase classname="tests.LoginTest" name="invalidOtpShouldFail" time="21.522"/>
  <testcase classname="tests.LoginTest" name="validOtpShouldPass" time="34.605"/>
  <testcase classname="tests.ProductTest" name="testSearchProduct" time="4.376"/>
  <testcase classname="tests.ProductTest" name="testFilterByBrand" time="0.453"/>
  <testcase classname="tests.ProductTest" name="testFilterByRAM" time="0.576"/>
  <testcase classname="tests.ProductTest" name="testFilterByPrice" time="0.446"/>
  <testcase classname="tests.ProductTest" name="testSortByPriceLowToHigh" time="0.251"/>
  <testcase classname="tests.ProductTest" name="testProductDetails" time="2.757"/>
  <testcase classname="tests.ProductTest" name="testSearchWithoutKeyword" time="0.123"/>
  <testcase classname="tests.CartTest" name="testAddToCart" time="19.096"/>
  <testcase classname="tests.CartTest" name="testModifyQuantity" time="5.243"/>
  <testcase classname="tests.CartTest" name="testRemoveItem" time="0.373"/>
  <testcase classname="tests.CartTest" name="testProceedToBuy" time="12.833"/>
  <testcase classname="tests.CartTest" name="testOrderWithoutAddressPayment" time="2.291"/>
</testsuite> <!-- Flipkart Tests - Chrome -->
