<?xml version="1.0" encoding="UTF-8"?>
<testsuite xmlns:xsi="http://www.w3.org/2001/XMLSchema-instance" xsi:noNamespaceSchemaLocation="https://maven.apache.org/surefire/maven-surefire-plugin/xsd/surefire-test-report-3.0.xsd" version="3.0" name="TestSuite" time="216.02" tests="15" errors="0" skipped="0" failures="0">
  <properties>
[...]
</properties>
  <testcase name="invalidPhoneShouldFail" classname="tests.LoginTest" time="12.312">
    <system-out><![CDATA[Login popup opened.
Login failed – invalid phone number: 987654320
]]></system-out>
    <system-err><![CDATA[SLF4J(W): No SLF4J providers were found.
SLF4J(W): Defaulting to no-operation (NOP) logger implementation
SLF4J(W): See https://www.slf4j.org/codes.html#noProviders for further details.
Sept 04, 2025 12:33:00 PM org.openqa.selenium.devtools.CdpVersionFinder findNearestMatch
WARNING: Unable to find CDP implementation matching 139
Sept 04, 2025 12:33:00 PM org.openqa.selenium.chromium.ChromiumDriver lambda$new$5
WARNING: Unable to find version of CDP to use for 139.0.7258.155. You may need to include a dependency on a specific version of the CDP using something similar to `org.seleniumhq.selenium:selenium-devtools-v86:4.20.0` where the version ("v86") matches the version of the chromium-based browser you're using and the version number of the artifact is the same as Selenium's.
]]></system-err>
  </testcase>
  <testcase name="invalidOtpShouldFail" classname="tests.LoginTest" time="21.523">
    <system-out><![CDATA[Login popup already open.
Login failed – invalid OTP: OTP is incorrect
]]></system-out>
  </testcase>
  <testcase name="validOtpShouldPass" classname="tests.LoginTest" time="34.608">
    <system-out><![CDATA[Login popup opened.
Login failed – invalid OTP: OTP is incorrect
false
]]></system-out>
  </testcase>
  <testcase name="testSearchProduct" classname="tests.ProductTest" time="4.375">
    <system-err><![CDATA[Sept 04, 2025 12:34:43 PM org.openqa.selenium.devtools.CdpVersionFinder findNearestMatch
WARNING: Unable to find CDP implementation matching 139
Sept 04, 2025 12:34:43 PM org.openqa.selenium.chromium.ChromiumDriver lambda$new$5
WARNING: Unable to find version of CDP to use for 139.0.7258.155. You may need to include a dependency on a specific version of the CDP using something similar to `org.seleniumhq.selenium:selenium-devtools-v86:4.20.0` where the version ("v86") matches the version of the chromium-based browser you're using and the version number of the artifact is the same as Selenium's.
]]></system-err>
  </testcase>
  <testcase name="testFilterByBrand" classname="tests.ProductTest" time="0.453"/>
  <testcase name="testFilterByRAM" classname="tests.ProductTest" time="0.575"/>
  <testcase name="testFilterByPrice" classname="tests.ProductTest" time="0.447"/>
  <testcase name="testSortByPriceLowToHigh" classname="tests.ProductTest" time="0.251"/>
  <testcase name="testProductDetails" classname="tests.ProductTest" time="2.757"/>
  <testcase name="testSearchWithoutKeyword" classname="tests.ProductTest" time="0.122"/>
  <testcase name="testAddToCart" classname="tests.CartTest" time="19.095">
    <system-err><![CDATA[Sept 04, 2025 12:35:48 PM org.openqa.selenium.devtools.CdpVersionFinder findNearestMatch
WARNING: Unable to find CDP implementation matching 139
Sept 04, 2025 12:35:48 PM org.openqa.selenium.chromium.ChromiumDriver lambda$new$5
WARNING: Unable to find version of CDP to use for 139.0.7258.155. You may need to include a dependency on a specific version of the CDP using something similar to `org.seleniumhq.selenium:selenium-devtools-v86:4.20.0` where the version ("v86") matches the version of the chromium-based browser you're using and the version number of the artifact is the same as Selenium's.
]]></system-err>
  </testcase>
  <testcase name="testModifyQuantity" classname="tests.CartTest" time="5.243">
    <system-out><![CDATA[Decrease Quantity
]]></system-out>
  </testcase>
  <testcase name="testRemoveItem" classname="tests.CartTest" time="0.373"/>
  <testcase name="testProceedToBuy" classname="tests.CartTest" time="12.833"/>
  <testcase name="testOrderWithoutAddressPayment" classname="tests.CartTest" time="2.291"/>
</testsuite>